<?xml version="1.0" encoding="UTF-8"?>
<!-- Generated by org.testng.reporters.JUnitXMLReporter -->
<testsuite hostname="LAPTOP-N0G0NBDP" ignored="0" name="Default test" tests="3" failures="0" timestamp="16 May 2021 15:51:23 GMT" time="27.962" errors="0">
  <testcase name="HomePageTest" time="8.288" classname="com.qa.testScripts.TestCase1"/>
  <testcase name="CreateAccountPageTest" time="4.865" classname="com.qa.testScripts.TestCase1"/>
  <testcase name="navigateTest" time="6.404" classname="com.qa.testScripts.TestCase1"/>
</testsuite> <!-- Default test -->
