<?xml version="1.0" encoding="UTF-8"?>
<!-- Generated by org.testng.reporters.JUnitXMLReporter -->
<testsuite hostname="LAPTOP-N0G0NBDP" ignored="0" name="TestNGScripts" tests="3" failures="0" timestamp="16 May 2021 15:57:56 GMT" time="28.401" errors="0">
  <testcase name="HomePageTest" time="8.349" classname="com.qa.testScripts.TestCase1"/>
  <testcase name="CreateAccountPageTest" time="4.829" classname="com.qa.testScripts.TestCase1"/>
  <testcase name="navigateTest" time="7.412" classname="com.qa.testScripts.TestCase1"/>
</testsuite> <!-- TestNGScripts -->
