<?xml version="1.0" encoding="UTF-8"?>
<testng-results skipped="0" failed="0" ignored="0" total="3" passed="3">
  <reporter-output>
  </reporter-output>
  <suite name="SeleniumTraining" duration-ms="28401" started-at="2021-05-16T15:57:28Z" finished-at="2021-05-16T15:57:56Z">
    <groups>
    </groups>
    <test name="TestNGScripts" duration-ms="28401" started-at="2021-05-16T15:57:28Z" finished-at="2021-05-16T15:57:56Z">
      <class name="com.qa.testScripts.TestCase1">
        <test-method status="PASS" signature="setupmethod()[pri:0, instance:com.qa.testScripts.TestCase1@cf48b7]" name="setupmethod" is-config="true" duration-ms="7772" started-at="2021-05-16T15:57:28Z" finished-at="2021-05-16T15:57:36Z">
          <reporter-output>
          </reporter-output>
        </test-method> <!-- setupmethod -->
        <test-method status="PASS" signature="HomePageTest()[pri:49, instance:com.qa.testScripts.TestCase1@cf48b7]" name="HomePageTest" duration-ms="8349" started-at="2021-05-16T15:57:36Z" finished-at="2021-05-16T15:57:44Z">
          <reporter-output>
          </reporter-output>
        </test-method> <!-- HomePageTest -->
        <test-method status="PASS" signature="CreateAccountPageTest()[pri:50, instance:com.qa.testScripts.TestCase1@cf48b7]" name="CreateAccountPageTest" duration-ms="4829" started-at="2021-05-16T15:57:44Z" finished-at="2021-05-16T15:57:49Z">
          <reporter-output>
          </reporter-output>
        </test-method> <!-- CreateAccountPageTest -->
        <test-method status="PASS" signature="navigateTest()[pri:51, instance:com.qa.testScripts.TestCase1@cf48b7]" name="navigateTest" duration-ms="7412" started-at="2021-05-16T15:57:49Z" finished-at="2021-05-16T15:57:56Z">
          <reporter-output>
          </reporter-output>
        </test-method> <!-- navigateTest -->
      </class> <!-- com.qa.testScripts.TestCase1 -->
    </test> <!-- TestNGScripts -->
  </suite> <!-- SeleniumTraining -->
</testng-results>
